CKT-IchiCo-ShoppingNeko/app/build/intermediates/manifest_merge_blame_file/debug/manifest-merger-blame-debug-report.txt
1<?xml version="1.0" encoding="utf-8"?>
2<manifest xmlns:android="http://schemas.android.com/apk/res/android"
3    package="CKT.IchiCo.ShoppingNeko"
4    android:versionCode="1"
5    android:versionName="1.0" >
6
7    <uses-sdk
8        android:minSdkVersion="19"
8-->src\main\AndroidManifest.xml
9        android:targetSdkVersion="28" />
9-->src\main\AndroidManifest.xml
10
11    <uses-permission android:name="android.permission.ACCESS_NETWORK_STATE" />
11-->src\main\AndroidManifest.xml:5:5-79
11-->src\main\AndroidManifest.xml:5:22-76
12    <uses-permission android:name="android.permission.INTERNET" />
12-->[com.firebaseui:firebase-ui-auth:4.0.1] AndroidManifest.xml:13:5-67
12-->[com.firebaseui:firebase-ui-auth:4.0.1] AndroidManifest.xml:13:22-64
13    <uses-permission android:name="android.permission.WAKE_LOCK" />
13-->[com.google.firebase:firebase-measurement-connector-impl:16.0.1] AndroidManifest.xml:24:5-68
13-->[com.google.firebase:firebase-measurement-connector-impl:16.0.1] AndroidManifest.xml:24:22-65
14    <uses-permission android:name="com.google.android.finsky.permission.BIND_GET_INSTALL_REFERRER_SERVICE" /> <!-- Required by older versions of Google Play services to create IID tokens -->
14-->[com.google.firebase:firebase-analytics:16.0.1] AndroidManifest.xml:26:5-110
14-->[com.google.firebase:firebase-analytics:16.0.1] AndroidManifest.xml:26:22-107
15    <uses-permission android:name="com.google.android.c2dm.permission.RECEIVE" />
15-->[com.google.firebase:firebase-iid:16.0.0] AndroidManifest.xml:26:5-82
15-->[com.google.firebase:firebase-iid:16.0.0] AndroidManifest.xml:26:22-79
16
17    <permission
17-->[com.google.firebase:firebase-iid:16.0.0] AndroidManifest.xml:28:5-30:47
18        android:name="CKT.IchiCo.ShoppingNeko.permission.C2D_MESSAGE"
18-->[com.google.firebase:firebase-iid:16.0.0] AndroidManifest.xml:29:9-63
19        android:protectionLevel="signature" />
19-->[com.google.firebase:firebase-iid:16.0.0] AndroidManifest.xml:30:9-44
20
21    <uses-permission android:name="CKT.IchiCo.ShoppingNeko.permission.C2D_MESSAGE" />
21-->[com.google.firebase:firebase-iid:16.0.0] AndroidManifest.xml:32:5-79
21-->[com.google.firebase:firebase-iid:16.0.0] AndroidManifest.xml:32:22-76
22
23    <application
23-->src\main\AndroidManifest.xml:6:5-97:19
24        android:name="androidx.multidex.MultiDexApplication"
25        android:allowBackup="true"
25-->src\main\AndroidManifest.xml:7:9-35
26        android:appComponentFactory="androidx.core.app.CoreComponentFactory"
26-->[androidx.core:core:1.5.0] AndroidManifest.xml:24:18-86
27        android:debuggable="true"
28        android:icon="@mipmap/ic_launcher"
28-->src\main\AndroidManifest.xml:8:9-43
29        android:label="@string/app_name"
29-->src\main\AndroidManifest.xml:9:9-41
30        android:roundIcon="@mipmap/ic_launcher_round"
30-->src\main\AndroidManifest.xml:10:9-54
31        android:supportsRtl="true"
31-->src\main\AndroidManifest.xml:11:9-35
32        android:testOnly="true"
33        android:theme="@style/AppTheme" >
33-->src\main\AndroidManifest.xml:12:9-40
34        <activity
34-->src\main\AndroidManifest.xml:13:9-17:20
35            android:name="CKT.IchiCo.ShoppingNeko.activities.LoginActivity"
35-->src\main\AndroidManifest.xml:14:13-76
36            android:parentActivityName="CKT.IchiCo.ShoppingNeko.activities.RegisterActivity"
36-->src\main\AndroidManifest.xml:15:13-93
37            android:theme="@style/NoActionBar" >
37-->src\main\AndroidManifest.xml:16:13-47
38        </activity>
39        <activity
39-->src\main\AndroidManifest.xml:19:9-27:20
40            android:name="CKT.IchiCo.ShoppingNeko.Welcomeactivity"
40-->src\main\AndroidManifest.xml:20:13-44
41            android:theme="@style/FullScreen" >
41-->src\main\AndroidManifest.xml:21:13-46
42            <intent-filter>
42-->src\main\AndroidManifest.xml:22:13-26:29
43                <action android:name="android.intent.action.MAIN" />
43-->src\main\AndroidManifest.xml:23:17-69
43-->src\main\AndroidManifest.xml:23:25-66
44
45                <category android:name="android.intent.category.LAUNCHER" />
45-->src\main\AndroidManifest.xml:25:17-77
45-->src\main\AndroidManifest.xml:25:27-74
46            </intent-filter>
47        </activity>
48        <activity
48-->src\main\AndroidManifest.xml:30:9-33:50
49            android:name="CKT.IchiCo.ShoppingNeko.activities.MainActivity"
49-->src\main\AndroidManifest.xml:31:13-75
50            android:launchMode="singleTop"
50-->src\main\AndroidManifest.xml:32:13-43
51            android:theme="@style/NoActionBar" />
51-->src\main\AndroidManifest.xml:33:13-47
52        <activity
52-->src\main\AndroidManifest.xml:34:9-38:50
53            android:name="CKT.IchiCo.ShoppingNeko.activities.CategoryProductsActivity"
53-->src\main\AndroidManifest.xml:35:13-87
54            android:launchMode="singleTop"
54-->src\main\AndroidManifest.xml:36:13-43
55            android:parentActivityName="CKT.IchiCo.ShoppingNeko.activities.MainActivity"
55-->src\main\AndroidManifest.xml:37:13-89
56            android:theme="@style/NoActionBar" />
56-->src\main\AndroidManifest.xml:38:13-47
57        <activity
57-->src\main\AndroidManifest.xml:39:9-41:104
58            android:name="CKT.IchiCo.ShoppingNeko.activities.ProductDetailsActivity"
58-->src\main\AndroidManifest.xml:40:13-85
59            android:parentActivityName="CKT.IchiCo.ShoppingNeko.activities.CategoryProductsActivity" />
59-->src\main\AndroidManifest.xml:41:13-101
60        <activity
60-->src\main\AndroidManifest.xml:42:9-44:50
61            android:name="CKT.IchiCo.ShoppingNeko.activities.CartActivity"
61-->src\main\AndroidManifest.xml:43:13-75
62            android:theme="@style/NoActionBar" />
62-->src\main\AndroidManifest.xml:44:13-47
63        <activity
63-->src\main\AndroidManifest.xml:45:9-47:92
64            android:name="CKT.IchiCo.ShoppingNeko.activities.OrderActivity"
64-->src\main\AndroidManifest.xml:46:13-76
65            android:parentActivityName="CKT.IchiCo.ShoppingNeko.activities.CartActivity" />
65-->src\main\AndroidManifest.xml:47:13-89
66        <activity
66-->src\main\AndroidManifest.xml:48:9-50:92
67            android:name="CKT.IchiCo.ShoppingNeko.activities.WishlistProductsActivity"
67-->src\main\AndroidManifest.xml:49:13-87
68            android:parentActivityName="CKT.IchiCo.ShoppingNeko.activities.MainActivity" />
68-->src\main\AndroidManifest.xml:50:13-89
69        <activity
69-->src\main\AndroidManifest.xml:51:9-53:104
70            android:name="CKT.IchiCo.ShoppingNeko.activities.WishlistProductDetailsActivity"
70-->src\main\AndroidManifest.xml:52:13-93
71            android:parentActivityName="CKT.IchiCo.ShoppingNeko.activities.WishlistProductsActivity" />
71-->src\main\AndroidManifest.xml:53:13-101
72        <activity
72-->src\main\AndroidManifest.xml:54:9-56:104
73            android:name="CKT.IchiCo.ShoppingNeko.activities.SearchableActivity"
73-->src\main\AndroidManifest.xml:55:13-81
74            android:parentActivityName="CKT.IchiCo.ShoppingNeko.activities.CategoryProductsActivity" />
74-->src\main\AndroidManifest.xml:56:13-101
75        <activity
75-->src\main\AndroidManifest.xml:57:9-61:50
76            android:name="CKT.IchiCo.ShoppingNeko.activities.UserOrdersActivity"
76-->src\main\AndroidManifest.xml:58:13-81
77            android:launchMode="singleTop"
77-->src\main\AndroidManifest.xml:59:13-43
78            android:parentActivityName="CKT.IchiCo.ShoppingNeko.activities.MainActivity"
78-->src\main\AndroidManifest.xml:60:13-89
79            android:theme="@style/NoActionBar" />
79-->src\main\AndroidManifest.xml:61:13-47
80        <activity
80-->src\main\AndroidManifest.xml:62:9-64:98
81            android:name="CKT.IchiCo.ShoppingNeko.activities.OrderDetailsActivity"
81-->src\main\AndroidManifest.xml:63:13-83
82            android:parentActivityName="CKT.IchiCo.ShoppingNeko.activities.UserOrdersActivity" />
82-->src\main\AndroidManifest.xml:64:13-95
83
84        <receiver android:name="CKT.IchiCo.ShoppingNeko.appwidget.WishlistAppWidget" >
84-->src\main\AndroidManifest.xml:66:9-74:20
84-->src\main\AndroidManifest.xml:66:19-85
85            <intent-filter>
85-->src\main\AndroidManifest.xml:67:13-69:29
86                <action android:name="android.appwidget.action.APPWIDGET_UPDATE" />
86-->src\main\AndroidManifest.xml:68:17-84
86-->src\main\AndroidManifest.xml:68:25-81
87            </intent-filter>
88
89            <meta-data
89-->src\main\AndroidManifest.xml:71:13-73:63
90                android:name="android.appwidget.provider"
90-->src\main\AndroidManifest.xml:72:17-58
91                android:resource="@xml/wishlist_app_widget" />
91-->src\main\AndroidManifest.xml:73:17-60
92        </receiver>
93
94        <service
94-->src\main\AndroidManifest.xml:76:9-78:72
95            android:name="CKT.IchiCo.ShoppingNeko.appwidget.WishlistGridRemoteService"
95-->src\main\AndroidManifest.xml:77:13-87
96            android:permission="android.permission.BIND_REMOTEVIEWS" />
96-->src\main\AndroidManifest.xml:78:13-69
97        <service
97-->src\main\AndroidManifest.xml:79:9-82:72
98            android:name="CKT.IchiCo.ShoppingNeko.appwidget.WishlistWidgetService"
98-->src\main\AndroidManifest.xml:80:13-83
99            android:exported="true"
99-->src\main\AndroidManifest.xml:81:13-36
100            android:permission="android.permission.BIND_JOB_SERVICE" />
100-->src\main\AndroidManifest.xml:82:13-69
101
102        <meta-data
102-->src\main\AndroidManifest.xml:84:9-86:57
103            android:name="preloaded_fonts"
103-->src\main\AndroidManifest.xml:85:13-43
104            android:resource="@array/preloaded_fonts" />
104-->src\main\AndroidManifest.xml:86:13-54
105
106        <activity
106-->src\main\AndroidManifest.xml:88:9-96:20
107            android:name="CKT.IchiCo.ShoppingNeko.activities.RegisterActivity"
107-->src\main\AndroidManifest.xml:89:13-79
108            android:theme="@style/NoActionBar" >
108-->src\main\AndroidManifest.xml:90:13-47
109            <intent-filter>
109-->src\main\AndroidManifest.xml:22:13-26:29
110                <action android:name="android.intent.action.MAIN" />
110-->src\main\AndroidManifest.xml:23:17-69
110-->src\main\AndroidManifest.xml:23:25-66
111
112                <category android:name="android.intent.category.LAUNCHER" />
112-->src\main\AndroidManifest.xml:25:17-77
112-->src\main\AndroidManifest.xml:25:27-74
113            </intent-filter>
114        </activity>
115
116        <meta-data
116-->[com.firebaseui:firebase-ui-auth:4.0.1] AndroidManifest.xml:16:9-18:69
117            android:name="com.google.android.gms.version"
117-->[com.firebaseui:firebase-ui-auth:4.0.1] AndroidManifest.xml:17:13-58
118            android:value="@integer/google_play_services_version" />
118-->[com.firebaseui:firebase-ui-auth:4.0.1] AndroidManifest.xml:18:13-66
119        <meta-data
119-->[com.firebaseui:firebase-ui-auth:4.0.1] AndroidManifest.xml:19:9-21:63
120            android:name="com.facebook.sdk.ApplicationId"
120-->[com.firebaseui:firebase-ui-auth:4.0.1] AndroidManifest.xml:20:13-58
121            android:value="@string/facebook_application_id" />
121-->[com.firebaseui:firebase-ui-auth:4.0.1] AndroidManifest.xml:21:13-60
122
123        <activity
123-->[com.firebaseui:firebase-ui-auth:4.0.1] AndroidManifest.xml:23:9-27:61
124            android:name="com.firebase.ui.auth.KickoffActivity"
124-->[com.firebaseui:firebase-ui-auth:4.0.1] AndroidManifest.xml:24:13-64
125            android:exported="false"
125-->[com.firebaseui:firebase-ui-auth:4.0.1] AndroidManifest.xml:25:13-37
126            android:label=""
126-->[com.firebaseui:firebase-ui-auth:4.0.1] AndroidManifest.xml:26:13-29
127            android:theme="@style/FirebaseUI.Transparent" />
127-->[com.firebaseui:firebase-ui-auth:4.0.1] AndroidManifest.xml:27:13-58
128        <activity
128-->[com.firebaseui:firebase-ui-auth:4.0.1] AndroidManifest.xml:28:9-32:61
129            android:name="com.firebase.ui.auth.ui.idp.SingleSignInActivity"
129-->[com.firebaseui:firebase-ui-auth:4.0.1] AndroidManifest.xml:29:13-76
130            android:exported="false"
130-->[com.firebaseui:firebase-ui-auth:4.0.1] AndroidManifest.xml:30:13-37
131            android:label=""
131-->[com.firebaseui:firebase-ui-auth:4.0.1] AndroidManifest.xml:31:13-29
132            android:theme="@style/FirebaseUI.Transparent" />
132-->[com.firebaseui:firebase-ui-auth:4.0.1] AndroidManifest.xml:32:13-58
133        <activity
133-->[com.firebaseui:firebase-ui-auth:4.0.1] AndroidManifest.xml:33:9-37:58
134            android:name="com.firebase.ui.auth.ui.email.RecoverPasswordActivity"
134-->[com.firebaseui:firebase-ui-auth:4.0.1] AndroidManifest.xml:34:13-81
135            android:exported="false"
135-->[com.firebaseui:firebase-ui-auth:4.0.1] AndroidManifest.xml:35:13-37
136            android:label="@string/fui_title_recover_password_activity"
136-->[com.firebaseui:firebase-ui-auth:4.0.1] AndroidManifest.xml:36:13-72
137            android:windowSoftInputMode="adjustResize" />
137-->[com.firebaseui:firebase-ui-auth:4.0.1] AndroidManifest.xml:37:13-55
138        <activity
138-->[com.firebaseui:firebase-ui-auth:4.0.1] AndroidManifest.xml:38:9-42:58
139            android:name="com.firebase.ui.auth.ui.email.EmailActivity"
139-->[com.firebaseui:firebase-ui-auth:4.0.1] AndroidManifest.xml:39:13-71
140            android:exported="false"
140-->[com.firebaseui:firebase-ui-auth:4.0.1] AndroidManifest.xml:40:13-37
141            android:label="@string/fui_sign_in_default"
141-->[com.firebaseui:firebase-ui-auth:4.0.1] AndroidManifest.xml:41:13-56
142            android:windowSoftInputMode="adjustResize" />
142-->[com.firebaseui:firebase-ui-auth:4.0.1] AndroidManifest.xml:42:13-55
143        <activity
143-->[com.firebaseui:firebase-ui-auth:4.0.1] AndroidManifest.xml:43:9-47:77
144            android:name="com.firebase.ui.auth.ui.phone.PhoneActivity"
144-->[com.firebaseui:firebase-ui-auth:4.0.1] AndroidManifest.xml:44:13-71
145            android:exported="false"
145-->[com.firebaseui:firebase-ui-auth:4.0.1] AndroidManifest.xml:45:13-37
146            android:label="@string/fui_sign_in_with_phone_number"
146-->[com.firebaseui:firebase-ui-auth:4.0.1] AndroidManifest.xml:46:13-66
147            android:windowSoftInputMode="adjustResize|stateAlwaysVisible" />
147-->[com.firebaseui:firebase-ui-auth:4.0.1] AndroidManifest.xml:47:13-74
148        <activity
148-->[com.firebaseui:firebase-ui-auth:4.0.1] AndroidManifest.xml:48:9-52:58
149            android:name="com.firebase.ui.auth.ui.idp.WelcomeBackIdpPrompt"
149-->[com.firebaseui:firebase-ui-auth:4.0.1] AndroidManifest.xml:49:13-76
150            android:exported="false"
150-->[com.firebaseui:firebase-ui-auth:4.0.1] AndroidManifest.xml:50:13-37
151            android:label="@string/fui_title_welcome_back_idp_prompt"
151-->[com.firebaseui:firebase-ui-auth:4.0.1] AndroidManifest.xml:51:13-70
152            android:windowSoftInputMode="adjustResize" />
152-->[com.firebaseui:firebase-ui-auth:4.0.1] AndroidManifest.xml:52:13-55
153        <activity
153-->[com.firebaseui:firebase-ui-auth:4.0.1] AndroidManifest.xml:53:9-57:58
154            android:name="com.firebase.ui.auth.ui.email.WelcomeBackPasswordPrompt"
154-->[com.firebaseui:firebase-ui-auth:4.0.1] AndroidManifest.xml:54:13-83
155            android:exported="false"
155-->[com.firebaseui:firebase-ui-auth:4.0.1] AndroidManifest.xml:55:13-37
156            android:label="@string/fui_title_welcome_back_password_prompt"
156-->[com.firebaseui:firebase-ui-auth:4.0.1] AndroidManifest.xml:56:13-75
157            android:windowSoftInputMode="adjustResize" />
157-->[com.firebaseui:firebase-ui-auth:4.0.1] AndroidManifest.xml:57:13-55
158        <activity
158-->[com.firebaseui:firebase-ui-auth:4.0.1] AndroidManifest.xml:58:9-61:65
159            android:name="com.firebase.ui.auth.ui.idp.AuthMethodPickerActivity"
159-->[com.firebaseui:firebase-ui-auth:4.0.1] AndroidManifest.xml:59:13-80
160            android:exported="false"
160-->[com.firebaseui:firebase-ui-auth:4.0.1] AndroidManifest.xml:60:13-37
161            android:label="@string/fui_default_toolbar_title" />
161-->[com.firebaseui:firebase-ui-auth:4.0.1] AndroidManifest.xml:61:13-62
162        <activity
162-->[com.firebaseui:firebase-ui-auth:4.0.1] AndroidManifest.xml:62:9-66:48
163            android:name="com.facebook.FacebookActivity"
163-->[com.firebaseui:firebase-ui-auth:4.0.1] AndroidManifest.xml:63:13-57
164            android:configChanges="keyboard|keyboardHidden|screenLayout|screenSize|orientation"
164-->[com.firebaseui:firebase-ui-auth:4.0.1] AndroidManifest.xml:64:13-96
165            android:label="@string/app_name" />
165-->[com.firebaseui:firebase-ui-auth:4.0.1] AndroidManifest.xml:65:13-45
166        <activity
166-->[com.firebaseui:firebase-ui-auth:4.0.1] AndroidManifest.xml:67:9-71:61
167            android:name="com.firebase.ui.auth.ui.credentials.CredentialSaveActivity"
167-->[com.firebaseui:firebase-ui-auth:4.0.1] AndroidManifest.xml:68:13-86
168            android:exported="false"
168-->[com.firebaseui:firebase-ui-auth:4.0.1] AndroidManifest.xml:69:13-37
169            android:label=""
169-->[com.firebaseui:firebase-ui-auth:4.0.1] AndroidManifest.xml:70:13-29
170            android:theme="@style/FirebaseUI.Transparent" />
170-->[com.firebaseui:firebase-ui-auth:4.0.1] AndroidManifest.xml:71:13-58
171        <activity
171-->[com.firebaseui:firebase-ui-auth:4.0.1] AndroidManifest.xml:72:9-84:20
172            android:name="com.facebook.CustomTabActivity"
172-->[com.firebaseui:firebase-ui-auth:4.0.1] AndroidManifest.xml:73:13-58
173            android:exported="true" >
173-->[com.firebaseui:firebase-ui-auth:4.0.1] AndroidManifest.xml:74:13-36
174            <intent-filter>
174-->[com.firebaseui:firebase-ui-auth:4.0.1] AndroidManifest.xml:76:13-83:29
175                <action android:name="android.intent.action.VIEW" />
175-->[com.firebaseui:firebase-ui-auth:4.0.1] AndroidManifest.xml:77:17-69
175-->[com.firebaseui:firebase-ui-auth:4.0.1] AndroidManifest.xml:77:25-66
176
177                <category android:name="android.intent.category.DEFAULT" />
177-->[com.firebaseui:firebase-ui-auth:4.0.1] AndroidManifest.xml:79:17-76
177-->[com.firebaseui:firebase-ui-auth:4.0.1] AndroidManifest.xml:79:27-73
178                <category android:name="android.intent.category.BROWSABLE" />
178-->[com.firebaseui:firebase-ui-auth:4.0.1] AndroidManifest.xml:80:17-78
178-->[com.firebaseui:firebase-ui-auth:4.0.1] AndroidManifest.xml:80:27-75
179
180                <data android:scheme="@string/facebook_login_protocol_scheme" />
180-->[com.firebaseui:firebase-ui-auth:4.0.1] AndroidManifest.xml:82:17-81
180-->[com.firebaseui:firebase-ui-auth:4.0.1] AndroidManifest.xml:82:23-78
181            </intent-filter>
182        </activity>
183
184        <provider
184-->[com.firebaseui:firebase-ui-auth:4.0.1] AndroidManifest.xml:86:9-90:38
185            android:name="com.firebase.ui.auth.data.client.AuthUiInitProvider"
185-->[com.firebaseui:firebase-ui-auth:4.0.1] AndroidManifest.xml:87:13-79
186            android:authorities="CKT.IchiCo.ShoppingNeko.authuiinitprovider"
186-->[com.firebaseui:firebase-ui-auth:4.0.1] AndroidManifest.xml:88:13-70
187            android:exported="false"
187-->[com.firebaseui:firebase-ui-auth:4.0.1] AndroidManifest.xml:89:13-37
188            android:initOrder="90" />
188-->[com.firebaseui:firebase-ui-auth:4.0.1] AndroidManifest.xml:90:13-35
189
190        <service
190-->[com.google.firebase:firebase-database:20.0.0] AndroidManifest.xml:29:9-35:19
191            android:name="com.google.firebase.components.ComponentDiscoveryService"
191-->[com.google.firebase:firebase-database:20.0.0] AndroidManifest.xml:30:13-84
192            android:directBootAware="true"
192-->[com.google.firebase:firebase-common:20.0.0] AndroidManifest.xml:35:13-43
193            android:exported="false" >
193-->[com.google.firebase:firebase-database:20.0.0] AndroidManifest.xml:31:13-37
194            <meta-data
194-->[com.google.firebase:firebase-database:20.0.0] AndroidManifest.xml:32:13-34:85
195                android:name="com.google.firebase.components:com.google.firebase.database.DatabaseRegistrar"
195-->[com.google.firebase:firebase-database:20.0.0] AndroidManifest.xml:33:17-109
196                android:value="com.google.firebase.components.ComponentRegistrar" />
196-->[com.google.firebase:firebase-database:20.0.0] AndroidManifest.xml:34:17-82
197            <meta-data
197-->[com.google.firebase:firebase-auth:21.0.1] AndroidManifest.xml:77:13-79:85
198                android:name="com.google.firebase.components:com.google.firebase.auth.FirebaseAuthRegistrar"
198-->[com.google.firebase:firebase-auth:21.0.1] AndroidManifest.xml:78:17-109
199                android:value="com.google.firebase.components.ComponentRegistrar" />
199-->[com.google.firebase:firebase-auth:21.0.1] AndroidManifest.xml:79:17-82
200            <meta-data
200-->[com.google.firebase:firebase-measurement-connector-impl:16.0.1] AndroidManifest.xml:28:13-30:85
201                android:name="com.google.firebase.components:com.google.firebase.analytics.connector.internal.AnalyticsConnectorRegistrar"
201-->[com.google.firebase:firebase-measurement-connector-impl:16.0.1] AndroidManifest.xml:29:17-139
202                android:value="com.google.firebase.components.ComponentRegistrar" />
202-->[com.google.firebase:firebase-measurement-connector-impl:16.0.1] AndroidManifest.xml:30:17-82
203            <meta-data
203-->[com.google.firebase:firebase-iid:16.0.0] AndroidManifest.xml:36:13-38:85
204                android:name="com.google.firebase.components:com.google.firebase.iid.Registrar"
204-->[com.google.firebase:firebase-iid:16.0.0] AndroidManifest.xml:37:17-96
205                android:value="com.google.firebase.components.ComponentRegistrar" />
205-->[com.google.firebase:firebase-iid:16.0.0] AndroidManifest.xml:38:17-82
206        </service>
207
208        <activity
208-->[com.stripe:stripe-android:7.1.0] AndroidManifest.xml:12:9-16:20
209            android:name="com.stripe.android.view.AddSourceActivity"
209-->[com.stripe:stripe-android:7.1.0] AndroidManifest.xml:13:13-69
210            android:theme="@style/StripeDefaultTheme"
210-->[com.stripe:stripe-android:7.1.0] AndroidManifest.xml:14:13-54
211            android:windowSoftInputMode="stateVisible" >
211-->[com.stripe:stripe-android:7.1.0] AndroidManifest.xml:15:13-55
212        </activity>
213        <activity
213-->[com.stripe:stripe-android:7.1.0] AndroidManifest.xml:17:9-20:20
214            android:name="com.stripe.android.view.PaymentMethodsActivity"
214-->[com.stripe:stripe-android:7.1.0] AndroidManifest.xml:18:13-74
215            android:theme="@style/StripeDefaultTheme" >
215-->[com.stripe:stripe-android:7.1.0] AndroidManifest.xml:19:13-54
216        </activity>
217        <activity
217-->[com.stripe:stripe-android:7.1.0] AndroidManifest.xml:21:9-24:20
218            android:name="com.stripe.android.view.PaymentFlowActivity"
218-->[com.stripe:stripe-android:7.1.0] AndroidManifest.xml:22:13-71
219            android:theme="@style/StripeDefaultTheme" >
219-->[com.stripe:stripe-android:7.1.0] AndroidManifest.xml:23:13-54
220        </activity>
221        <activity
221-->[com.google.firebase:firebase-auth:21.0.1] AndroidManifest.xml:27:9-44:20
222            android:name="com.google.firebase.auth.internal.GenericIdpActivity"
222-->[com.google.firebase:firebase-auth:21.0.1] AndroidManifest.xml:28:13-80
223            android:excludeFromRecents="true"
223-->[com.google.firebase:firebase-auth:21.0.1] AndroidManifest.xml:29:13-46
224            android:exported="true"
224-->[com.google.firebase:firebase-auth:21.0.1] AndroidManifest.xml:30:13-36
225            android:launchMode="singleTask"
225-->[com.google.firebase:firebase-auth:21.0.1] AndroidManifest.xml:31:13-44
226            android:theme="@android:style/Theme.Translucent.NoTitleBar" >
226-->[com.google.firebase:firebase-auth:21.0.1] AndroidManifest.xml:32:13-72
227            <intent-filter>
227-->[com.google.firebase:firebase-auth:21.0.1] AndroidManifest.xml:33:13-43:29
228                <action android:name="android.intent.action.VIEW" />
228-->[com.firebaseui:firebase-ui-auth:4.0.1] AndroidManifest.xml:77:17-69
228-->[com.firebaseui:firebase-ui-auth:4.0.1] AndroidManifest.xml:77:25-66
229
230                <category android:name="android.intent.category.DEFAULT" />
230-->[com.firebaseui:firebase-ui-auth:4.0.1] AndroidManifest.xml:79:17-76
230-->[com.firebaseui:firebase-ui-auth:4.0.1] AndroidManifest.xml:79:27-73
231                <category android:name="android.intent.category.BROWSABLE" />
231-->[com.firebaseui:firebase-ui-auth:4.0.1] AndroidManifest.xml:80:17-78
231-->[com.firebaseui:firebase-ui-auth:4.0.1] AndroidManifest.xml:80:27-75
232
233                <data
233-->[com.firebaseui:firebase-ui-auth:4.0.1] AndroidManifest.xml:82:17-81
234                    android:host="firebase.auth"
235                    android:path="/"
236                    android:scheme="genericidp" />
236-->[com.firebaseui:firebase-ui-auth:4.0.1] AndroidManifest.xml:82:23-78
237            </intent-filter>
238        </activity>
239        <activity
239-->[com.google.firebase:firebase-auth:21.0.1] AndroidManifest.xml:45:9-62:20
240            android:name="com.google.firebase.auth.internal.RecaptchaActivity"
240-->[com.google.firebase:firebase-auth:21.0.1] AndroidManifest.xml:46:13-79
241            android:excludeFromRecents="true"
241-->[com.google.firebase:firebase-auth:21.0.1] AndroidManifest.xml:47:13-46
242            android:exported="true"
242-->[com.google.firebase:firebase-auth:21.0.1] AndroidManifest.xml:48:13-36
243            android:launchMode="singleTask"
243-->[com.google.firebase:firebase-auth:21.0.1] AndroidManifest.xml:49:13-44
244            android:theme="@android:style/Theme.Translucent.NoTitleBar" >
244-->[com.google.firebase:firebase-auth:21.0.1] AndroidManifest.xml:50:13-72
245            <intent-filter>
245-->[com.google.firebase:firebase-auth:21.0.1] AndroidManifest.xml:51:13-61:29
246                <action android:name="android.intent.action.VIEW" />
246-->[com.firebaseui:firebase-ui-auth:4.0.1] AndroidManifest.xml:77:17-69
246-->[com.firebaseui:firebase-ui-auth:4.0.1] AndroidManifest.xml:77:25-66
247
248                <category android:name="android.intent.category.DEFAULT" />
248-->[com.firebaseui:firebase-ui-auth:4.0.1] AndroidManifest.xml:79:17-76
248-->[com.firebaseui:firebase-ui-auth:4.0.1] AndroidManifest.xml:79:27-73
249                <category android:name="android.intent.category.BROWSABLE" />
249-->[com.firebaseui:firebase-ui-auth:4.0.1] AndroidManifest.xml:80:17-78
249-->[com.firebaseui:firebase-ui-auth:4.0.1] AndroidManifest.xml:80:27-75
250
251                <data
251-->[com.firebaseui:firebase-ui-auth:4.0.1] AndroidManifest.xml:82:17-81
252                    android:host="firebase.auth"
253                    android:path="/"
254                    android:scheme="recaptcha" />
254-->[com.firebaseui:firebase-ui-auth:4.0.1] AndroidManifest.xml:82:23-78
255            </intent-filter>
256        </activity>
257
258        <service
258-->[com.google.firebase:firebase-auth:21.0.1] AndroidManifest.xml:64:9-73:19
259            android:name="com.google.firebase.auth.api.fallback.service.FirebaseAuthFallbackService"
259-->[com.google.firebase:firebase-auth:21.0.1] AndroidManifest.xml:65:13-101
260            android:enabled="true"
260-->[com.google.firebase:firebase-auth:21.0.1] AndroidManifest.xml:66:13-35
261            android:exported="false" >
261-->[com.google.firebase:firebase-auth:21.0.1] AndroidManifest.xml:67:13-37
262            <intent-filter>
262-->[com.google.firebase:firebase-auth:21.0.1] AndroidManifest.xml:68:13-72:29
263                <action android:name="com.google.firebase.auth.api.gms.service.START" />
263-->[com.google.firebase:firebase-auth:21.0.1] AndroidManifest.xml:69:17-89
263-->[com.google.firebase:firebase-auth:21.0.1] AndroidManifest.xml:69:25-86
264
265                <category android:name="android.intent.category.DEFAULT" />
265-->[com.firebaseui:firebase-ui-auth:4.0.1] AndroidManifest.xml:79:17-76
265-->[com.firebaseui:firebase-ui-auth:4.0.1] AndroidManifest.xml:79:27-73
266            </intent-filter>
267        </service>
268
269        <activity
269-->[com.google.android.gms:play-services-auth:19.0.0] AndroidManifest.xml:23:9-27:75
270            android:name="com.google.android.gms.auth.api.signin.internal.SignInHubActivity"
270-->[com.google.android.gms:play-services-auth:19.0.0] AndroidManifest.xml:24:13-93
271            android:excludeFromRecents="true"
271-->[com.google.android.gms:play-services-auth:19.0.0] AndroidManifest.xml:25:13-46
272            android:exported="false"
272-->[com.google.android.gms:play-services-auth:19.0.0] AndroidManifest.xml:26:13-37
273            android:theme="@android:style/Theme.Translucent.NoTitleBar" />
273-->[com.google.android.gms:play-services-auth:19.0.0] AndroidManifest.xml:27:13-72
274        <!--
275            Service handling Google Sign-In user revocation. For apps that do not integrate with
276            Google Sign-In, this service will never be started.
277        -->
278        <service
278-->[com.google.android.gms:play-services-auth:19.0.0] AndroidManifest.xml:33:9-37:51
279            android:name="com.google.android.gms.auth.api.signin.RevocationBoundService"
279-->[com.google.android.gms:play-services-auth:19.0.0] AndroidManifest.xml:34:13-89
280            android:exported="true"
280-->[com.google.android.gms:play-services-auth:19.0.0] AndroidManifest.xml:35:13-36
281            android:permission="com.google.android.gms.auth.api.signin.permission.REVOCATION_NOTIFICATION"
281-->[com.google.android.gms:play-services-auth:19.0.0] AndroidManifest.xml:36:13-107
282            android:visibleToInstantApps="true" />
282-->[com.google.android.gms:play-services-auth:19.0.0] AndroidManifest.xml:37:13-48
283